빌드 시작: 2015-04-08 오전 12:41:02
     1>2 노드의 "E:\M\Kookm\4-1\UROP\work\DRE_samplebyte\DRE_samplebyte\DRE_samplebyte.vcxproj" 프로젝트(Build 대상)입니다.
     1>ClCompile:
         C:\Program Files (x86)\Microsoft Visual Studio 12.0\VC\bin\CL.exe /c /IC:\WpdPack\Include /ZI /nologo /W3 /WX- /sdl /Od /Oy- /D WIN32 /D WPCAP /D HAVE_REMOTE /D _DEBUG /D _CONSOLE /D _LIB /D _MBCS /Gm /EHsc /RTC1 /MDd /GS /fp:precise /Zc:wchar_t /Zc:forScope /Fo"Debug\\" /Fd"Debug\vc120.pdb" /Gd /TC /analyze- /errorReport:prompt dre.c save_raw.c
         save_raw.c
     1>e:\m\kookm\4-1\urop\work\dre_samplebyte\dre_samplebyte\save_raw.c(1): fatal error C1083: 포함 파일을 열 수 없습니다. 'sys/time.h': No such file or directory
         dre.c
     1>c:\program files (x86)\microsoft visual studio 12.0\vc\include\xtgmath.h(214): warning C4602: #pragma pop_macro : 'new'에 이 식별자에 대한 이전 #pragma push_macro가 없습니다.
     1>c:\program files (x86)\microsoft visual studio 12.0\vc\include\xtgmath.h(215): warning C4193: #pragma warning(pop) : 짝이 되는 '#pragma warning(push)'이 없습니다.
     1>c:\program files (x86)\microsoft visual studio 12.0\vc\include\xtgmath.h(216): warning C4161: #pragma pack(pop...) : 푸시 횟수보다 팝 횟수가 많습니다.
     1>c:\program files (x86)\microsoft visual studio 12.0\vc\include\cmath(23): error C2061: 구문 오류 : 식별자 'abs'
     1>c:\program files (x86)\microsoft visual studio 12.0\vc\include\cmath(23): error C2059: 구문 오류 : ';'
     1>c:\program files (x86)\microsoft visual studio 12.0\vc\include\cmath(23): error C2061: 구문 오류 : 식별자 'acos'
     1>c:\program files (x86)\microsoft visual studio 12.0\vc\include\cmath(23): error C2061: 구문 오류 : 식별자 'asin'
     1>c:\program files (x86)\microsoft visual studio 12.0\vc\include\cmath(24): error C2061: 구문 오류 : 식별자 'atan'
     1>c:\program files (x86)\microsoft visual studio 12.0\vc\include\cmath(24): error C2059: 구문 오류 : ';'
     1>c:\program files (x86)\microsoft visual studio 12.0\vc\include\cmath(24): error C2061: 구문 오류 : 식별자 'atan2'
     1>c:\program files (x86)\microsoft visual studio 12.0\vc\include\cmath(24): error C2061: 구문 오류 : 식별자 'ceil'
     1>c:\program files (x86)\microsoft visual studio 12.0\vc\include\cmath(25): error C2061: 구문 오류 : 식별자 'cos'
     1>c:\program files (x86)\microsoft visual studio 12.0\vc\include\cmath(25): error C2059: 구문 오류 : ';'
     1>c:\program files (x86)\microsoft visual studio 12.0\vc\include\cmath(25): error C2061: 구문 오류 : 식별자 'cosh'
     1>c:\program files (x86)\microsoft visual studio 12.0\vc\include\cmath(25): error C2061: 구문 오류 : 식별자 'exp'
     1>c:\program files (x86)\microsoft visual studio 12.0\vc\include\cmath(26): error C2061: 구문 오류 : 식별자 'fabs'
     1>c:\program files (x86)\microsoft visual studio 12.0\vc\include\cmath(26): error C2059: 구문 오류 : ';'
     1>c:\program files (x86)\microsoft visual studio 12.0\vc\include\cmath(26): error C2061: 구문 오류 : 식별자 'floor'
     1>c:\program files (x86)\microsoft visual studio 12.0\vc\include\cmath(26): error C2061: 구문 오류 : 식별자 'fmod'
     1>c:\program files (x86)\microsoft visual studio 12.0\vc\include\cmath(27): error C2061: 구문 오류 : 식별자 'frexp'
     1>c:\program files (x86)\microsoft visual studio 12.0\vc\include\cmath(27): error C2059: 구문 오류 : ';'
     1>c:\program files (x86)\microsoft visual studio 12.0\vc\include\cmath(27): error C2061: 구문 오류 : 식별자 'ldexp'
     1>c:\program files (x86)\microsoft visual studio 12.0\vc\include\cmath(27): error C2061: 구문 오류 : 식별자 'log'
     1>c:\program files (x86)\microsoft visual studio 12.0\vc\include\cmath(28): error C2061: 구문 오류 : 식별자 'log10'
     1>c:\program files (x86)\microsoft visual studio 12.0\vc\include\cmath(28): error C2059: 구문 오류 : ';'
     1>c:\program files (x86)\microsoft visual studio 12.0\vc\include\cmath(28): error C2061: 구문 오류 : 식별자 'modf'
     1>c:\program files (x86)\microsoft visual studio 12.0\vc\include\cmath(28): error C2061: 구문 오류 : 식별자 'pow'
     1>c:\program files (x86)\microsoft visual studio 12.0\vc\include\cmath(29): error C2061: 구문 오류 : 식별자 'sin'
     1>c:\program files (x86)\microsoft visual studio 12.0\vc\include\cmath(29): error C2059: 구문 오류 : ';'
     1>c:\program files (x86)\microsoft visual studio 12.0\vc\include\cmath(29): error C2061: 구문 오류 : 식별자 'sinh'
     1>c:\program files (x86)\microsoft visual studio 12.0\vc\include\cmath(29): error C2061: 구문 오류 : 식별자 'sqrt'
     1>c:\program files (x86)\microsoft visual studio 12.0\vc\include\cmath(30): error C2061: 구문 오류 : 식별자 'tan'
     1>c:\program files (x86)\microsoft visual studio 12.0\vc\include\cmath(30): error C2059: 구문 오류 : ';'
     1>c:\program files (x86)\microsoft visual studio 12.0\vc\include\cmath(30): error C2061: 구문 오류 : 식별자 'tanh'
     1>c:\program files (x86)\microsoft visual studio 12.0\vc\include\cmath(32): error C2061: 구문 오류 : 식별자 'acosf'
     1>c:\program files (x86)\microsoft visual studio 12.0\vc\include\cmath(32): error C2059: 구문 오류 : ';'
     1>c:\program files (x86)\microsoft visual studio 12.0\vc\include\cmath(32): error C2061: 구문 오류 : 식별자 'asinf'
     1>c:\program files (x86)\microsoft visual studio 12.0\vc\include\cmath(33): error C2061: 구문 오류 : 식별자 'atanf'
     1>c:\program files (x86)\microsoft visual studio 12.0\vc\include\cmath(33): error C2059: 구문 오류 : ';'
     1>c:\program files (x86)\microsoft visual studio 12.0\vc\include\cmath(33): error C2061: 구문 오류 : 식별자 'atan2f'
     1>c:\program files (x86)\microsoft visual studio 12.0\vc\include\cmath(33): error C2061: 구문 오류 : 식별자 'ceilf'
     1>c:\program files (x86)\microsoft visual studio 12.0\vc\include\cmath(34): error C2061: 구문 오류 : 식별자 'cosf'
     1>c:\program files (x86)\microsoft visual studio 12.0\vc\include\cmath(34): error C2059: 구문 오류 : ';'
     1>c:\program files (x86)\microsoft visual studio 12.0\vc\include\cmath(34): error C2061: 구문 오류 : 식별자 'coshf'
     1>c:\program files (x86)\microsoft visual studio 12.0\vc\include\cmath(34): error C2061: 구문 오류 : 식별자 'expf'
     1>c:\program files (x86)\microsoft visual studio 12.0\vc\include\cmath(35): error C2061: 구문 오류 : 식별자 'fabsf'
     1>c:\program files (x86)\microsoft visual studio 12.0\vc\include\cmath(35): error C2059: 구문 오류 : ';'
     1>c:\program files (x86)\microsoft visual studio 12.0\vc\include\cmath(35): error C2061: 구문 오류 : 식별자 'floorf'
     1>c:\program files (x86)\microsoft visual studio 12.0\vc\include\cmath(35): error C2061: 구문 오류 : 식별자 'fmodf'
     1>c:\program files (x86)\microsoft visual studio 12.0\vc\include\cmath(36): error C2061: 구문 오류 : 식별자 'frexpf'
     1>c:\program files (x86)\microsoft visual studio 12.0\vc\include\cmath(36): error C2059: 구문 오류 : ';'
     1>c:\program files (x86)\microsoft visual studio 12.0\vc\include\cmath(36): error C2061: 구문 오류 : 식별자 'ldexpf'
     1>c:\program files (x86)\microsoft visual studio 12.0\vc\include\cmath(36): error C2061: 구문 오류 : 식별자 'logf'
     1>c:\program files (x86)\microsoft visual studio 12.0\vc\include\cmath(37): error C2061: 구문 오류 : 식별자 'log10f'
     1>c:\program files (x86)\microsoft visual studio 12.0\vc\include\cmath(37): error C2059: 구문 오류 : ';'
     1>c:\program files (x86)\microsoft visual studio 12.0\vc\include\cmath(37): error C2061: 구문 오류 : 식별자 'modff'
     1>c:\program files (x86)\microsoft visual studio 12.0\vc\include\cmath(37): error C2061: 구문 오류 : 식별자 'powf'
     1>c:\program files (x86)\microsoft visual studio 12.0\vc\include\cmath(38): error C2061: 구문 오류 : 식별자 'sinf'
     1>c:\program files (x86)\microsoft visual studio 12.0\vc\include\cmath(38): error C2059: 구문 오류 : ';'
     1>c:\program files (x86)\microsoft visual studio 12.0\vc\include\cmath(38): error C2061: 구문 오류 : 식별자 'sinhf'
     1>c:\program files (x86)\microsoft visual studio 12.0\vc\include\cmath(38): error C2061: 구문 오류 : 식별자 'sqrtf'
     1>c:\program files (x86)\microsoft visual studio 12.0\vc\include\cmath(39): error C2061: 구문 오류 : 식별자 'tanf'
     1>c:\program files (x86)\microsoft visual studio 12.0\vc\include\cmath(39): error C2059: 구문 오류 : ';'
     1>c:\program files (x86)\microsoft visual studio 12.0\vc\include\cmath(39): error C2061: 구문 오류 : 식별자 'tanhf'
     1>c:\program files (x86)\microsoft visual studio 12.0\vc\include\cmath(41): error C2061: 구문 오류 : 식별자 'acosl'
     1>c:\program files (x86)\microsoft visual studio 12.0\vc\include\cmath(41): error C2059: 구문 오류 : ';'
     1>c:\program files (x86)\microsoft visual studio 12.0\vc\include\cmath(41): error C2061: 구문 오류 : 식별자 'asinl'
     1>c:\program files (x86)\microsoft visual studio 12.0\vc\include\cmath(42): error C2061: 구문 오류 : 식별자 'atanl'
     1>c:\program files (x86)\microsoft visual studio 12.0\vc\include\cmath(42): error C2059: 구문 오류 : ';'
     1>c:\program files (x86)\microsoft visual studio 12.0\vc\include\cmath(42): error C2061: 구문 오류 : 식별자 'atan2l'
     1>c:\program files (x86)\microsoft visual studio 12.0\vc\include\cmath(42): error C2061: 구문 오류 : 식별자 'ceill'
     1>c:\program files (x86)\microsoft visual studio 12.0\vc\include\cmath(43): error C2061: 구문 오류 : 식별자 'cosl'
     1>c:\program files (x86)\microsoft visual studio 12.0\vc\include\cmath(43): error C2059: 구문 오류 : ';'
     1>c:\program files (x86)\microsoft visual studio 12.0\vc\include\cmath(43): error C2061: 구문 오류 : 식별자 'coshl'
     1>c:\program files (x86)\microsoft visual studio 12.0\vc\include\cmath(43): error C2061: 구문 오류 : 식별자 'expl'
     1>c:\program files (x86)\microsoft visual studio 12.0\vc\include\cmath(44): error C2061: 구문 오류 : 식별자 'fabsl'
     1>c:\program files (x86)\microsoft visual studio 12.0\vc\include\cmath(44): error C2059: 구문 오류 : ';'
     1>c:\program files (x86)\microsoft visual studio 12.0\vc\include\cmath(44): error C2061: 구문 오류 : 식별자 'floorl'
     1>c:\program files (x86)\microsoft visual studio 12.0\vc\include\cmath(44): error C2061: 구문 오류 : 식별자 'fmodl'
     1>c:\program files (x86)\microsoft visual studio 12.0\vc\include\cmath(45): error C2061: 구문 오류 : 식별자 'frexpl'
     1>c:\program files (x86)\microsoft visual studio 12.0\vc\include\cmath(45): error C2059: 구문 오류 : ';'
     1>c:\program files (x86)\microsoft visual studio 12.0\vc\include\cmath(45): error C2061: 구문 오류 : 식별자 'ldexpl'
     1>c:\program files (x86)\microsoft visual studio 12.0\vc\include\cmath(45): error C2061: 구문 오류 : 식별자 'logl'
     1>c:\program files (x86)\microsoft visual studio 12.0\vc\include\cmath(46): error C2061: 구문 오류 : 식별자 'log10l'
     1>c:\program files (x86)\microsoft visual studio 12.0\vc\include\cmath(46): error C2059: 구문 오류 : ';'
     1>c:\program files (x86)\microsoft visual studio 12.0\vc\include\cmath(46): error C2061: 구문 오류 : 식별자 'modfl'
     1>c:\program files (x86)\microsoft visual studio 12.0\vc\include\cmath(46): error C2061: 구문 오류 : 식별자 'powl'
     1>c:\program files (x86)\microsoft visual studio 12.0\vc\include\cmath(47): error C2061: 구문 오류 : 식별자 'sinl'
     1>c:\program files (x86)\microsoft visual studio 12.0\vc\include\cmath(47): error C2059: 구문 오류 : ';'
     1>c:\program files (x86)\microsoft visual studio 12.0\vc\include\cmath(47): error C2061: 구문 오류 : 식별자 'sinhl'
     1>c:\program files (x86)\microsoft visual studio 12.0\vc\include\cmath(47): error C2061: 구문 오류 : 식별자 'sqrtl'
     1>c:\program files (x86)\microsoft visual studio 12.0\vc\include\cmath(48): error C2061: 구문 오류 : 식별자 'tanl'
     1>c:\program files (x86)\microsoft visual studio 12.0\vc\include\cmath(48): error C2059: 구문 오류 : ';'
     1>c:\program files (x86)\microsoft visual studio 12.0\vc\include\cmath(48): error C2061: 구문 오류 : 식별자 'tanhl'
     1>c:\program files (x86)\microsoft visual studio 12.0\vc\include\cmath(50): error C2054: 'using' 다음에 '('가 필요합니다.
     1>c:\program files (x86)\microsoft visual studio 12.0\vc\include\cmath(50): error C2061: 구문 오류 : 식별자 'using'
     1>c:\program files (x86)\microsoft visual studio 12.0\vc\include\cmath(52): error C2061: 구문 오류 : 식별자 'acosh'
     1>c:\program files (x86)\microsoft visual studio 12.0\vc\include\cmath(52): error C2059: 구문 오류 : ';'
     1>c:\program files (x86)\microsoft visual studio 12.0\vc\include\cmath(52): error C2061: 구문 오류 : 식별자 'asinh'
     1>c:\program files (x86)\microsoft visual studio 12.0\vc\include\cmath(52): error C2061: 구문 오류 : 식별자 'atanh'
     1>c:\program files (x86)\microsoft visual studio 12.0\vc\include\cmath(53): error C2061: 구문 오류 : 식별자 'cbrt'
     1>c:\program files (x86)\microsoft visual studio 12.0\vc\include\cmath(53): error C2059: 구문 오류 : ';'
     1>c:\program files (x86)\microsoft visual studio 12.0\vc\include\cmath(53): error C2061: 구문 오류 : 식별자 'erf'
     1>c:\program files (x86)\microsoft visual studio 12.0\vc\include\cmath(53): error C2061: 구문 오류 : 식별자 'erfc'
     1>c:\program files (x86)\microsoft visual studio 12.0\vc\include\cmath(53): fatal error C1003: 오류 수가 100개를 초과했습니다. 컴파일을 중지합니다.
         코드를 생성하고 있습니다...
     1>"E:\M\Kookm\4-1\UROP\work\DRE_samplebyte\DRE_samplebyte\DRE_samplebyte.vcxproj" 프로젝트를 빌드했습니다(Build 대상). - 실패

빌드하지 못했습니다.

경과 시간: 00:00:00.97
